2/27/2025, 11:37:45 AM GMT-3 0: 

----------------------------------------------
2/27/2025, 11:37:45 AM GMT-3 1: Discord starting: {"releaseChannel":"stable","version":"0.0.87"}, modulepath: /home/tiago/.config/discord/0.0.87/modules
2/27/2025, 11:37:45 AM GMT-3 2: ✅ webContents.created web1 ""
2/27/2025, 11:37:45 AM GMT-3 3: ✅ window.created win1 "discord"
2/27/2025, 11:37:45 AM GMT-3 4: ✅ webContents.did-finish-load web1
2/27/2025, 11:38:13 AM GMT-3 5: ✅ webContents.created web2 ""
2/27/2025, 11:38:13 AM GMT-3 6: ✅ window.created win2 "Discord"
2/27/2025, 11:38:25 AM GMT-3 7: ✅ webContents.did-finish-load web2
2/27/2025, 11:38:25 AM GMT-3 8: window.close win1
2/27/2025, 11:38:25 AM GMT-3 9: webContents.destroyed web1
2/27/2025, 11:38:25 AM GMT-3 10: window.closed win1
2/28/2025, 9:23:25 PM GMT-3 0: 

----------------------------------------------
2/28/2025, 9:23:25 PM GMT-3 1: Discord starting: {"releaseChannel":"stable","version":"0.0.87"}, modulepath: /home/tiago/.config/discord/0.0.87/modules
2/28/2025, 9:23:25 PM GMT-3 2: ✅ webContents.created web1 ""
2/28/2025, 9:23:25 PM GMT-3 3: ✅ window.created win1 "discord"
2/28/2025, 9:23:25 PM GMT-3 4: ✅ webContents.did-finish-load web1
2/28/2025, 9:23:26 PM GMT-3 5: ✅ webContents.created web2 ""
2/28/2025, 9:23:26 PM GMT-3 6: ✅ window.created win2 "Discord"
2/28/2025, 9:23:30 PM GMT-3 7: ✅ webContents.did-finish-load web2
2/28/2025, 9:23:30 PM GMT-3 8: window.close win1
2/28/2025, 9:23:30 PM GMT-3 9: webContents.destroyed web1
2/28/2025, 9:23:30 PM GMT-3 10: window.closed win1
2/28/2025, 9:33:15 PM GMT-3 0: 

----------------------------------------------
2/28/2025, 9:33:15 PM GMT-3 1: Discord starting: {"releaseChannel":"stable","version":"0.0.87"}, modulepath: /home/tiago/.config/discord/0.0.87/modules
2/28/2025, 9:33:15 PM GMT-3 2: ✅ webContents.created web1 ""
2/28/2025, 9:33:15 PM GMT-3 3: ✅ window.created win1 "discord"
2/28/2025, 9:33:16 PM GMT-3 4: ✅ webContents.did-finish-load web1
2/28/2025, 9:33:16 PM GMT-3 5: ✅ webContents.created web2 ""
2/28/2025, 9:33:16 PM GMT-3 6: ✅ window.created win2 "Discord"
2/28/2025, 9:33:20 PM GMT-3 7: ✅ webContents.did-finish-load web2
2/28/2025, 9:33:20 PM GMT-3 8: window.close win1
2/28/2025, 9:33:20 PM GMT-3 9: webContents.destroyed web1
2/28/2025, 9:33:20 PM GMT-3 10: window.closed win1
3/1/2025, 12:12:46 AM GMT-3 11: window.close win2
3/1/2025, 9:39:42 PM GMT-3 0: 

----------------------------------------------
3/1/2025, 9:39:42 PM GMT-3 1: Discord starting: {"releaseChannel":"stable","version":"0.0.87"}, modulepath: /home/tiago/.config/discord/0.0.87/modules
3/1/2025, 9:39:42 PM GMT-3 2: ✅ webContents.created web1 ""
3/1/2025, 9:39:42 PM GMT-3 3: ✅ window.created win1 "discord"
3/1/2025, 9:39:42 PM GMT-3 4: ✅ webContents.did-finish-load web1
3/1/2025, 9:39:43 PM GMT-3 5: ✅ webContents.created web2 ""
3/1/2025, 9:39:43 PM GMT-3 6: ✅ window.created win2 "Discord"
3/1/2025, 9:39:46 PM GMT-3 7: ✅ webContents.did-finish-load web2
3/1/2025, 9:39:46 PM GMT-3 8: window.close win1
3/1/2025, 9:39:46 PM GMT-3 9: webContents.destroyed web1
3/1/2025, 9:39:46 PM GMT-3 10: window.closed win1
3/1/2025, 11:46:37 PM GMT-3 11: window.close win2
